[35m[1mScanning dependencies of target _statistics_msgs_generate_messages_check_deps_Stats1D[0m
[  0%] Built target _statistics_msgs_generate_messages_check_deps_Stats1D
[35m[1mScanning dependencies of target statistics_msgs_generate_messages_cpp[0m
[ 14%] [34m[1mGenerating C++ code from statistics_msgs/Stats1D.msg[0m
[35m[1mScanning dependencies of target statistics_msgs_generate_messages_nodejs[0m
[35m[1mScanning dependencies of target statistics_msgs_generate_messages_py[0m
[35m[1mScanning dependencies of target statistics_msgs_generate_messages_lisp[0m
[35m[1mScanning dependencies of target statistics_msgs_generate_messages_eus[0m
[ 28%] [34m[1mGenerating Javascript code from statistics_msgs/Stats1D.msg[0m
[ 42%] [34m[1mGenerating Python from MSG statistics_msgs/Stats1D[0m
[ 57%] [34m[1mGenerating Lisp code from statistics_msgs/Stats1D.msg[0m
[ 71%] [34m[1mGenerating EusLisp code from statistics_msgs/Stats1D.msg[0m
[ 71%] Built target statistics_msgs_generate_messages_lisp
[ 71%] Built target statistics_msgs_generate_messages_nodejs
[ 85%] [34m[1mGenerating EusLisp manifest code for statistics_msgs[0m
[ 85%] Built target statistics_msgs_generate_messages_cpp
[100%] [34m[1mGenerating Python msg __init__.py for statistics_msgs[0m
[100%] Built target statistics_msgs_generate_messages_py
[100%] Built target statistics_msgs_generate_messages_eus
[35m[1mScanning dependencies of target statistics_msgs_generate_messages[0m
[100%] Built target statistics_msgs_generate_messages
