[35m[1mScanning dependencies of target statistics_msgs_generate_messages_nodejs[0m
[35m[1mScanning dependencies of target std_msgs_generate_messages_nodejs[0m
[35m[1mScanning dependencies of target _image_exposure_msgs_generate_messages_check_deps_ImageExposureStatistics[0m
[35m[1mScanning dependencies of target _image_exposure_msgs_generate_messages_check_deps_SequenceExposureStatistics[0m
[35m[1mScanning dependencies of target _image_exposure_msgs_generate_messages_check_deps_ExposureSequence[0m
[35m[1mScanning dependencies of target statistics_msgs_generate_messages_py[0m
[35m[1mScanning dependencies of target std_msgs_generate_messages_py[0m
[35m[1mScanning dependencies of target std_msgs_generate_messages_cpp[0m
[  0%] Built target statistics_msgs_generate_messages_nodejs
[  0%] Built target std_msgs_generate_messages_py
[  0%] Built target std_msgs_generate_messages_nodejs
[  0%] Built target statistics_msgs_generate_messages_py
[  0%] Built target std_msgs_generate_messages_cpp
[35m[1mScanning dependencies of target statistics_msgs_generate_messages_cpp[0m
[35m[1mScanning dependencies of target statistics_msgs_generate_messages_lisp[0m
[35m[1mScanning dependencies of target std_msgs_generate_messages_lisp[0m
[35m[1mScanning dependencies of target statistics_msgs_generate_messages_eus[0m
[  0%] Built target statistics_msgs_generate_messages_lisp
[35m[1mScanning dependencies of target std_msgs_generate_messages_eus[0m
[  0%] Built target statistics_msgs_generate_messages_cpp
[  0%] Built target _image_exposure_msgs_generate_messages_check_deps_ExposureSequence
[  0%] Built target _image_exposure_msgs_generate_messages_check_deps_ImageExposureStatistics
[  0%] Built target statistics_msgs_generate_messages_eus
[  0%] Built target std_msgs_generate_messages_lisp
[  0%] Built target std_msgs_generate_messages_eus
[  0%] Built target _image_exposure_msgs_generate_messages_check_deps_SequenceExposureStatistics
[35m[1mScanning dependencies of target image_exposure_msgs_generate_messages_lisp[0m
[35m[1mScanning dependencies of target image_exposure_msgs_generate_messages_py[0m
[35m[1mScanning dependencies of target image_exposure_msgs_generate_messages_nodejs[0m
[35m[1mScanning dependencies of target image_exposure_msgs_generate_messages_cpp[0m
[35m[1mScanning dependencies of target image_exposure_msgs_generate_messages_eus[0m
[ 11%] [34m[1mGenerating EusLisp code from image_exposure_msgs/ExposureSequence.msg[0m
[ 11%] [34m[1mGenerating Python from MSG image_exposure_msgs/ExposureSequence[0m
[ 35%] [34m[1mGenerating Javascript code from image_exposure_msgs/ExposureSequence.msg[0m
[ 35%] [34m[1mGenerating Javascript code from image_exposure_msgs/ImageExposureStatistics.msg[0m
[ 35%] [34m[1mGenerating Lisp code from image_exposure_msgs/ImageExposureStatistics.msg[0m
[ 35%] [34m[1mGenerating Lisp code from image_exposure_msgs/SequenceExposureStatistics.msg[0m
[ 41%] [34m[1mGenerating Lisp code from image_exposure_msgs/ExposureSequence.msg[0m
[ 47%] [34m[1mGenerating C++ code from image_exposure_msgs/ExposureSequence.msg[0m
[ 52%] [34m[1mGenerating Python from MSG image_exposure_msgs/ImageExposureStatistics[0m
[ 58%] [34m[1mGenerating C++ code from image_exposure_msgs/SequenceExposureStatistics.msg[0m
[ 64%] [34m[1mGenerating C++ code from image_exposure_msgs/ImageExposureStatistics.msg[0m
[ 70%] [34m[1mGenerating Javascript code from image_exposure_msgs/SequenceExposureStatistics.msg[0m
[ 70%] Built target image_exposure_msgs_generate_messages_lisp
[ 76%] [34m[1mGenerating Python from MSG image_exposure_msgs/SequenceExposureStatistics[0m
[ 76%] Built target image_exposure_msgs_generate_messages_nodejs
[ 82%] [34m[1mGenerating EusLisp code from image_exposure_msgs/SequenceExposureStatistics.msg[0m
[ 88%] [34m[1mGenerating EusLisp code from image_exposure_msgs/ImageExposureStatistics.msg[0m
[ 94%] [34m[1mGenerating EusLisp manifest code for image_exposure_msgs[0m
[ 94%] Built target image_exposure_msgs_generate_messages_cpp
[100%] [34m[1mGenerating Python msg __init__.py for image_exposure_msgs[0m
[100%] Built target image_exposure_msgs_generate_messages_py
[100%] Built target image_exposure_msgs_generate_messages_eus
[35m[1mScanning dependencies of target image_exposure_msgs_generate_messages[0m
[100%] Built target image_exposure_msgs_generate_messages
