Symlinking /home/john/Projects/PTU-Control/devel/include/image_exposure_msgs/SequenceExposureStatistics.h
Symlinking /home/john/Projects/PTU-Control/devel/include/image_exposure_msgs/ImageExposureStatistics.h
Symlinking /home/john/Projects/PTU-Control/devel/include/image_exposure_msgs/ExposureSequence.h
Symlinking /home/john/Projects/PTU-Control/devel/lib/pkgconfig/image_exposure_msgs.pc
Symlinking /home/john/Projects/PTU-Control/devel/lib/python3/dist-packages/image_exposure_msgs/__init__.py
Symlinking /home/john/Projects/PTU-Control/devel/lib/python3/dist-packages/image_exposure_msgs/msg/_SequenceExposureStatistics.py
Symlinking /home/john/Projects/PTU-Control/devel/lib/python3/dist-packages/image_exposure_msgs/msg/__init__.py
Symlinking /home/john/Projects/PTU-Control/devel/lib/python3/dist-packages/image_exposure_msgs/msg/_ExposureSequence.py
Symlinking /home/john/Projects/PTU-Control/devel/lib/python3/dist-packages/image_exposure_msgs/msg/_ImageExposureStatistics.py
Symlinking /home/john/Projects/PTU-Control/devel/share/common-lisp/ros/image_exposure_msgs/msg/_package_ImageExposureStatistics.lisp
Symlinking /home/john/Projects/PTU-Control/devel/share/common-lisp/ros/image_exposure_msgs/msg/ExposureSequence.lisp
Symlinking /home/john/Projects/PTU-Control/devel/share/common-lisp/ros/image_exposure_msgs/msg/_package_SequenceExposureStatistics.lisp
Symlinking /home/john/Projects/PTU-Control/devel/share/common-lisp/ros/image_exposure_msgs/msg/_package_ExposureSequence.lisp
Symlinking /home/john/Projects/PTU-Control/devel/share/common-lisp/ros/image_exposure_msgs/msg/SequenceExposureStatistics.lisp
Symlinking /home/john/Projects/PTU-Control/devel/share/common-lisp/ros/image_exposure_msgs/msg/_package.lisp
Symlinking /home/john/Projects/PTU-Control/devel/share/common-lisp/ros/image_exposure_msgs/msg/ImageExposureStatistics.lisp
Symlinking /home/john/Projects/PTU-Control/devel/share/common-lisp/ros/image_exposure_msgs/msg/image_exposure_msgs-msg.asd
Symlinking /home/john/Projects/PTU-Control/devel/share/image_exposure_msgs/cmake/image_exposure_msgs-msg-extras.cmake
Symlinking /home/john/Projects/PTU-Control/devel/share/image_exposure_msgs/cmake/image_exposure_msgsConfig-version.cmake
Symlinking /home/john/Projects/PTU-Control/devel/share/image_exposure_msgs/cmake/image_exposure_msgs-msg-paths.cmake
Symlinking /home/john/Projects/PTU-Control/devel/share/image_exposure_msgs/cmake/image_exposure_msgsConfig.cmake
Symlinking /home/john/Projects/PTU-Control/devel/share/roseus/ros/image_exposure_msgs/manifest.l
Symlinking /home/john/Projects/PTU-Control/devel/share/roseus/ros/image_exposure_msgs/msg/ExposureSequence.l
Symlinking /home/john/Projects/PTU-Control/devel/share/roseus/ros/image_exposure_msgs/msg/ImageExposureStatistics.l
Symlinking /home/john/Projects/PTU-Control/devel/share/roseus/ros/image_exposure_msgs/msg/SequenceExposureStatistics.l
Symlinking /home/john/Projects/PTU-Control/devel/share/gennodejs/ros/image_exposure_msgs/_index.js
Symlinking /home/john/Projects/PTU-Control/devel/share/gennodejs/ros/image_exposure_msgs/msg/ImageExposureStatistics.js
Symlinking /home/john/Projects/PTU-Control/devel/share/gennodejs/ros/image_exposure_msgs/msg/ExposureSequence.js
Symlinking /home/john/Projects/PTU-Control/devel/share/gennodejs/ros/image_exposure_msgs/msg/_index.js
Symlinking /home/john/Projects/PTU-Control/devel/share/gennodejs/ros/image_exposure_msgs/msg/SequenceExposureStatistics.js
