Symlinking /home/john/Projects/PTU-Control/devel/include/wfov_camera_msgs/WFOVTrigger.h
Symlinking /home/john/Projects/PTU-Control/devel/include/wfov_camera_msgs/WFOVCompressedImage.h
Symlinking /home/john/Projects/PTU-Control/devel/include/wfov_camera_msgs/WFOVImage.h
Symlinking /home/john/Projects/PTU-Control/devel/lib/pkgconfig/wfov_camera_msgs.pc
Symlinking /home/john/Projects/PTU-Control/devel/lib/python3/dist-packages/wfov_camera_msgs/__init__.py
Symlinking /home/john/Projects/PTU-Control/devel/lib/python3/dist-packages/wfov_camera_msgs/msg/_WFOVImage.py
Symlinking /home/john/Projects/PTU-Control/devel/lib/python3/dist-packages/wfov_camera_msgs/msg/_WFOVTrigger.py
Symlinking /home/john/Projects/PTU-Control/devel/lib/python3/dist-packages/wfov_camera_msgs/msg/_WFOVCompressedImage.py
Symlinking /home/john/Projects/PTU-Control/devel/lib/python3/dist-packages/wfov_camera_msgs/msg/__init__.py
Symlinking /home/john/Projects/PTU-Control/devel/share/common-lisp/ros/wfov_camera_msgs/msg/_package_WFOVCompressedImage.lisp
Symlinking /home/john/Projects/PTU-Control/devel/share/common-lisp/ros/wfov_camera_msgs/msg/WFOVCompressedImage.lisp
Symlinking /home/john/Projects/PTU-Control/devel/share/common-lisp/ros/wfov_camera_msgs/msg/wfov_camera_msgs-msg.asd
Symlinking /home/john/Projects/PTU-Control/devel/share/common-lisp/ros/wfov_camera_msgs/msg/_package_WFOVTrigger.lisp
Symlinking /home/john/Projects/PTU-Control/devel/share/common-lisp/ros/wfov_camera_msgs/msg/WFOVImage.lisp
Symlinking /home/john/Projects/PTU-Control/devel/share/common-lisp/ros/wfov_camera_msgs/msg/_package.lisp
Symlinking /home/john/Projects/PTU-Control/devel/share/common-lisp/ros/wfov_camera_msgs/msg/WFOVTrigger.lisp
Symlinking /home/john/Projects/PTU-Control/devel/share/common-lisp/ros/wfov_camera_msgs/msg/_package_WFOVImage.lisp
Symlinking /home/john/Projects/PTU-Control/devel/share/wfov_camera_msgs/cmake/wfov_camera_msgsConfig.cmake
Symlinking /home/john/Projects/PTU-Control/devel/share/wfov_camera_msgs/cmake/wfov_camera_msgs-msg-extras.cmake
Symlinking /home/john/Projects/PTU-Control/devel/share/wfov_camera_msgs/cmake/wfov_camera_msgsConfig-version.cmake
Symlinking /home/john/Projects/PTU-Control/devel/share/wfov_camera_msgs/cmake/wfov_camera_msgs-msg-paths.cmake
Symlinking /home/john/Projects/PTU-Control/devel/share/roseus/ros/wfov_camera_msgs/manifest.l
Symlinking /home/john/Projects/PTU-Control/devel/share/roseus/ros/wfov_camera_msgs/msg/WFOVTrigger.l
Symlinking /home/john/Projects/PTU-Control/devel/share/roseus/ros/wfov_camera_msgs/msg/WFOVCompressedImage.l
Symlinking /home/john/Projects/PTU-Control/devel/share/roseus/ros/wfov_camera_msgs/msg/WFOVImage.l
Symlinking /home/john/Projects/PTU-Control/devel/share/gennodejs/ros/wfov_camera_msgs/_index.js
Symlinking /home/john/Projects/PTU-Control/devel/share/gennodejs/ros/wfov_camera_msgs/msg/WFOVCompressedImage.js
Symlinking /home/john/Projects/PTU-Control/devel/share/gennodejs/ros/wfov_camera_msgs/msg/WFOVTrigger.js
Symlinking /home/john/Projects/PTU-Control/devel/share/gennodejs/ros/wfov_camera_msgs/msg/_index.js
Symlinking /home/john/Projects/PTU-Control/devel/share/gennodejs/ros/wfov_camera_msgs/msg/WFOVImage.js
