[35m[1mScanning dependencies of target spinnaker_camera_driver_gencfg[0m
[  5%] [34m[1mGenerating dynamic reconfigure files from cfg/Spinnaker.cfg: /home/john/Projects/PTU-Control/devel/.private/spinnaker_camera_driver/include/spinnaker_camera_driver/SpinnakerConfig.h /home/john/Projects/PTU-Control/devel/.private/spinnaker_camera_driver/lib/python3/dist-packages/spinnaker_camera_driver/cfg/SpinnakerConfig.py[0m
Generating reconfiguration files for Spinnaker in spinnaker_camera_driver
Wrote header file in /home/john/Projects/PTU-Control/devel/.private/spinnaker_camera_driver/include/spinnaker_camera_driver/SpinnakerConfig.h
[  5%] Built target spinnaker_camera_driver_gencfg
[35m[1mScanning dependencies of target Camera[0m
[ 11%] [32mBuilding CXX object CMakeFiles/Camera.dir/src/camera.cpp.o[0m
[ 17%] [32m[1mLinking CXX shared library /home/john/Projects/PTU-Control/devel/.private/spinnaker_camera_driver/lib/libCamera.so[0m
[ 17%] Built target Camera
[35m[1mScanning dependencies of target SpinnakerCameraLib[0m
[35m[1mScanning dependencies of target Cm3[0m
[35m[1mScanning dependencies of target Gh3[0m
[ 23%] [32mBuilding CXX object CMakeFiles/SpinnakerCameraLib.dir/src/SpinnakerCamera.cpp.o[0m
[ 29%] [32mBuilding CXX object CMakeFiles/Cm3.dir/src/cm3.cpp.o[0m
[ 35%] [32mBuilding CXX object CMakeFiles/Gh3.dir/src/gh3.cpp.o[0m
[ 41%] [32m[1mLinking CXX shared library /home/john/Projects/PTU-Control/devel/.private/spinnaker_camera_driver/lib/libGh3.so[0m
[ 47%] [32m[1mLinking CXX shared library /home/john/Projects/PTU-Control/devel/.private/spinnaker_camera_driver/lib/libCm3.so[0m
[ 47%] Built target Gh3
[ 47%] Built target Cm3
[ 52%] [32m[1mLinking CXX shared library /home/john/Projects/PTU-Control/devel/.private/spinnaker_camera_driver/lib/libSpinnakerCameraLib.so[0m
[ 52%] Built target SpinnakerCameraLib
[35m[1mScanning dependencies of target spinnaker_camera_node[0m
[35m[1mScanning dependencies of target spinnaker_test_node[0m
[35m[1mScanning dependencies of target Diagnostics[0m
[ 58%] [32mBuilding CXX object CMakeFiles/spinnaker_camera_node.dir/src/node.cpp.o[0m
[ 64%] [32mBuilding CXX object CMakeFiles/spinnaker_test_node.dir/src/spinnaker_test_node.cpp.o[0m
[ 70%] [32mBuilding CXX object CMakeFiles/Diagnostics.dir/src/diagnostics.cpp.o[0m
In file included from [01m[K/home/john/Projects/PTU-Control/src/FLIR_camera/spinnaker_camera_driver/src/diagnostics.cpp:31[m[K:
[01m[K/home/john/Projects/PTU-Control/src/FLIR_camera/spinnaker_camera_driver/include/spinnaker_camera_driver/diagnostics.h:[m[K In constructor ‘[01m[Kspinnaker_camera_driver::DiagnosticsManager::DiagnosticsManager(std::string, std::string, const std::shared_ptr<ros::Publisher>&, ros::NodeHandle&)[m[K’:
[01m[K/home/john/Projects/PTU-Control/src/FLIR_camera/spinnaker_camera_driver/include/spinnaker_camera_driver/diagnostics.h:135:35:[m[K [01;35m[Kwarning: [m[K‘[01m[Kspinnaker_camera_driver::DiagnosticsManager::diagnostics_pub_[m[K’ will be initialized after [[01;35m[K-Wreorder[m[K]
  135 |   std::shared_ptr<ros::Publisher> [01;35m[Kdiagnostics_pub_[m[K;
      |                                   [01;35m[K^~~~~~~~~~~~~~~~[m[K
[01m[K/home/john/Projects/PTU-Control/src/FLIR_camera/spinnaker_camera_driver/include/spinnaker_camera_driver/diagnostics.h:133:19:[m[K [01;35m[Kwarning: [m[K  ‘[01m[Kros::NodeHandle spinnaker_camera_driver::DiagnosticsManager::nh_[m[K’ [[01;35m[K-Wreorder[m[K]
  133 |   ros::NodeHandle [01;35m[Knh_[m[K;
      |                   [01;35m[K^~~[m[K
[01m[K/home/john/Projects/PTU-Control/src/FLIR_camera/spinnaker_camera_driver/src/diagnostics.cpp:38:1:[m[K [01;35m[Kwarning: [m[K  when initialized here [[01;35m[K-Wreorder[m[K]
   38 | [01;35m[KDiagnosticsManager[m[K::DiagnosticsManager(const std::string name, const std::string serial,
      | [01;35m[K^~~~~~~~~~~~~~~~~~[m[K
[ 76%] [32m[1mLinking CXX executable /home/john/Projects/PTU-Control/devel/.private/spinnaker_camera_driver/lib/spinnaker_camera_driver/camera_node[0m
[ 76%] Built target spinnaker_camera_node
[ 82%] [32m[1mLinking CXX executable /home/john/Projects/PTU-Control/devel/.private/spinnaker_camera_driver/lib/spinnaker_camera_driver/spinnaker_test_node[0m
[ 82%] Built target spinnaker_test_node
[ 88%] [32m[1mLinking CXX shared library /home/john/Projects/PTU-Control/devel/.private/spinnaker_camera_driver/lib/libDiagnostics.so[0m
[ 88%] Built target Diagnostics
[35m[1mScanning dependencies of target SpinnakerCameraNodelet[0m
[ 94%] [32mBuilding CXX object CMakeFiles/SpinnakerCameraNodelet.dir/src/nodelet.cpp.o[0m
[100%] [32m[1mLinking CXX shared library /home/john/Projects/PTU-Control/devel/.private/spinnaker_camera_driver/lib/libSpinnakerCameraNodelet.so[0m
[100%] Built target SpinnakerCameraNodelet
