Not searching for unused variables given on the command line.
[36m--[0m The C compiler identification is GNU 9.4.0
[36m--[0m The CXX compiler identification is GNU 9.4.0
[36m--[0m Check for working C compiler: /usr/bin/cc
[36m--[0m Check for working C compiler: /usr/bin/cc -- works
[36m--[0m Detecting C compiler ABI info
[36m--[0m Detecting C compiler ABI info - done
[36m--[0m Detecting C compile features
[36m--[0m Detecting C compile features - done
[36m--[0m Check for working CXX compiler: /usr/bin/c++
[36m--[0m Check for working CXX compiler: /usr/bin/c++ -- works
[36m--[0m Detecting CXX compiler ABI info
[36m--[0m Detecting CXX compiler ABI info - done
[36m--[0m Detecting CXX compile features
[36m--[0m Detecting CXX compile features - done
[36m--[0m Using CATKIN_DEVEL_PREFIX: /home/john/Projects/PTU-Control/devel/.private/flir_ptu_viz
[36m--[0m Using CMAKE_PREFIX_PATH: /home/john/Projects/PTU-Control/devel;/opt/ros/noetic
[36m--[0m This workspace overlays: /home/john/Projects/PTU-Control/devel;/opt/ros/noetic
[36m--[0m Found PythonInterp: /usr/bin/python3 (found suitable version "3.8.10", minimum required is "3")
[36m--[0m Using PYTHON_EXECUTABLE: /usr/bin/python3
[36m--[0m Using Debian Python package layout
[36m--[0m Found PY_em: /usr/lib/python3/dist-packages/em.py
[36m--[0m Using empy: /usr/lib/python3/dist-packages/em.py
[36m--[0m Using CATKIN_ENABLE_TESTING: ON
[36m--[0m Call enable_testing()
[36m--[0m Using CATKIN_TEST_RESULTS_DIR: /home/john/Projects/PTU-Control/build/flir_ptu_viz/test_results
[36m--[0m Forcing gtest/gmock from source, though one was otherwise available.
[36m--[0m Found gtest sources under '/usr/src/googletest': gtests will be built
[36m--[0m Found gmock sources under '/usr/src/googletest': gmock will be built
[36m--[0m Found PythonInterp: /usr/bin/python3 (found version "3.8.10")
[36m--[0m Found Threads: TRUE
[36m--[0m Using Python nosetests: /usr/bin/nosetests3
[36m--[0m catkin 0.8.10
[36m--[0m BUILD_SHARED_LIBS is on
[36m--[0m Configuring done
CMake Warning (dev) at /opt/ros/noetic/share/catkin/cmake/test/tests.cmake:174 (add_dependencies):
  Policy CMP0046 is not set: Error on non-existent dependency in
  add_dependencies.  Run "cmake --help-policy CMP0046" for policy details.
  Use the cmake_policy command to set the policy and suppress this warning.

  The dependency target "rviz" of target
  "run_tests_flir_ptu_viz_roslaunch-check_launch_view_ptu.launch" does not
  exist.
[36mCall Stack (most recent call first):[0m
  /opt/ros/noetic/share/roslaunch/cmake/roslaunch-extras.cmake:66 (catkin_run_tests_target)
  CMakeLists.txt:9 (roslaunch_add_file_check)
This warning is for project developers.  Use -Wno-dev to suppress it.

CMake Warning (dev) at /opt/ros/noetic/share/catkin/cmake/test/tests.cmake:190 (add_dependencies):
  Policy CMP0046 is not set: Error on non-existent dependency in
  add_dependencies.  Run "cmake --help-policy CMP0046" for policy details.
  Use the cmake_policy command to set the policy and suppress this warning.

  The dependency target "flir_ptu_example_urdf" of target
  "_run_tests_flir_ptu_viz_roslaunch-check_launch_view_model.launch" does not
  exist.
[36mCall Stack (most recent call first):[0m
  /opt/ros/noetic/share/roslaunch/cmake/roslaunch-extras.cmake:66 (catkin_run_tests_target)
  CMakeLists.txt:7 (roslaunch_add_file_check)
This warning is for project developers.  Use -Wno-dev to suppress it.

CMake Warning (dev) at /opt/ros/noetic/share/catkin/cmake/test/tests.cmake:190 (add_dependencies):
  Policy CMP0046 is not set: Error on non-existent dependency in
  add_dependencies.  Run "cmake --help-policy CMP0046" for policy details.
  Use the cmake_policy command to set the policy and suppress this warning.

  The dependency target "robot_state_publisher" of target
  "_run_tests_flir_ptu_viz_roslaunch-check_launch_view_model.launch" does not
  exist.
[36mCall Stack (most recent call first):[0m
  /opt/ros/noetic/share/roslaunch/cmake/roslaunch-extras.cmake:66 (catkin_run_tests_target)
  CMakeLists.txt:7 (roslaunch_add_file_check)
This warning is for project developers.  Use -Wno-dev to suppress it.

CMake Warning (dev) at /opt/ros/noetic/share/catkin/cmake/test/tests.cmake:190 (add_dependencies):
  Policy CMP0046 is not set: Error on non-existent dependency in
  add_dependencies.  Run "cmake --help-policy CMP0046" for policy details.
  Use the cmake_policy command to set the policy and suppress this warning.

  The dependency target "rviz" of target
  "_run_tests_flir_ptu_viz_roslaunch-check_launch_view_ptu.launch" does not
  exist.
[36mCall Stack (most recent call first):[0m
  /opt/ros/noetic/share/roslaunch/cmake/roslaunch-extras.cmake:66 (catkin_run_tests_target)
  CMakeLists.txt:9 (roslaunch_add_file_check)
This warning is for project developers.  Use -Wno-dev to suppress it.

CMake Warning (dev) at /opt/ros/noetic/share/catkin/cmake/test/tests.cmake:174 (add_dependencies):
  Policy CMP0046 is not set: Error on non-existent dependency in
  add_dependencies.  Run "cmake --help-policy CMP0046" for policy details.
  Use the cmake_policy command to set the policy and suppress this warning.

  The dependency target "flir_ptu_example_urdf" of target
  "run_tests_flir_ptu_viz_roslaunch-check_launch_view_model.launch" does not
  exist.
[36mCall Stack (most recent call first):[0m
  /opt/ros/noetic/share/roslaunch/cmake/roslaunch-extras.cmake:66 (catkin_run_tests_target)
  CMakeLists.txt:7 (roslaunch_add_file_check)
This warning is for project developers.  Use -Wno-dev to suppress it.

CMake Warning (dev) at /opt/ros/noetic/share/catkin/cmake/test/tests.cmake:174 (add_dependencies):
  Policy CMP0046 is not set: Error on non-existent dependency in
  add_dependencies.  Run "cmake --help-policy CMP0046" for policy details.
  Use the cmake_policy command to set the policy and suppress this warning.

  The dependency target "robot_state_publisher" of target
  "run_tests_flir_ptu_viz_roslaunch-check_launch_view_model.launch" does not
  exist.
[36mCall Stack (most recent call first):[0m
  /opt/ros/noetic/share/roslaunch/cmake/roslaunch-extras.cmake:66 (catkin_run_tests_target)
  CMakeLists.txt:7 (roslaunch_add_file_check)
This warning is for project developers.  Use -Wno-dev to suppress it.

[36m--[0m Generating done
[36m--[0m Build files have been written to: /home/john/Projects/PTU-Control/build/flir_ptu_viz
