Symlinking /home/john/Projects/PTU-Control/devel/include/ptu_control/pan_tiltResponse.h
Symlinking /home/john/Projects/PTU-Control/devel/include/ptu_control/pan_tiltRequest.h
Symlinking /home/john/Projects/PTU-Control/devel/include/ptu_control/pan_tilt.h
Symlinking /home/john/Projects/PTU-Control/devel/lib/pkgconfig/ptu_control.pc
Symlinking /home/john/Projects/PTU-Control/devel/lib/python3/dist-packages/ptu_control/__init__.py
Symlinking /home/john/Projects/PTU-Control/devel/lib/python3/dist-packages/ptu_control/srv/_pan_tilt.py
Symlinking /home/john/Projects/PTU-Control/devel/lib/python3/dist-packages/ptu_control/srv/__init__.py
Symlinking /home/john/Projects/PTU-Control/devel/lib/ptu_control/pan_tilt_client
Symlinking /home/john/Projects/PTU-Control/devel/lib/ptu_control/ptu_control_node
Symlinking /home/john/Projects/PTU-Control/devel/share/common-lisp/ros/ptu_control/srv/pan_tilt.lisp
Symlinking /home/john/Projects/PTU-Control/devel/share/common-lisp/ros/ptu_control/srv/ptu_control-srv.asd
Symlinking /home/john/Projects/PTU-Control/devel/share/common-lisp/ros/ptu_control/srv/_package.lisp
Symlinking /home/john/Projects/PTU-Control/devel/share/common-lisp/ros/ptu_control/srv/_package_pan_tilt.lisp
Symlinking /home/john/Projects/PTU-Control/devel/share/roseus/ros/ptu_control/manifest.l
Symlinking /home/john/Projects/PTU-Control/devel/share/roseus/ros/ptu_control/srv/pan_tilt.l
Symlinking /home/john/Projects/PTU-Control/devel/share/gennodejs/ros/ptu_control/_index.js
Symlinking /home/john/Projects/PTU-Control/devel/share/gennodejs/ros/ptu_control/srv/pan_tilt.js
Symlinking /home/john/Projects/PTU-Control/devel/share/gennodejs/ros/ptu_control/srv/_index.js
Symlinking /home/john/Projects/PTU-Control/devel/share/ptu_control/cmake/ptu_control-msg-paths.cmake
Symlinking /home/john/Projects/PTU-Control/devel/share/ptu_control/cmake/ptu_controlConfig.cmake
Symlinking /home/john/Projects/PTU-Control/devel/share/ptu_control/cmake/ptu_control-msg-extras.cmake
Symlinking /home/john/Projects/PTU-Control/devel/share/ptu_control/cmake/ptu_controlConfig-version.cmake
